[debug] [2021-02-17T04:58:38.819Z] ----------------------------------------------------------------------
[debug] [2021-02-17T04:58:38.821Z] Command:       C:\Program Files\nodejs\node.exe C:\Users\pcx47\AppData\Roaming\npm\node_modules\firebase-tools\lib\bin\firebase.js init
[debug] [2021-02-17T04:58:38.821Z] CLI Version:   9.4.0
[debug] [2021-02-17T04:58:38.821Z] Platform:      win32
[debug] [2021-02-17T04:58:38.821Z] Node Version:  v14.15.3
[debug] [2021-02-17T04:58:38.822Z] Time:          Wed Feb 17 2021 13:58:38 GMT+0900 (대한민국 표준시)
[debug] [2021-02-17T04:58:38.822Z] ----------------------------------------------------------------------
[debug] [2021-02-17T04:58:38.822Z] 
[debug] [2021-02-17T04:58:38.824Z] >>> [apiv2][query] GET https://firebase-public.firebaseio.com/cli.json [none]
[debug] [2021-02-17T04:58:38.841Z] > command requires scopes: ["email","openid","https://www.googleapis.com/auth/cloudplatformprojects.readonly","https://www.googleapis.com/auth/firebase","https://www.googleapis.com/auth/cloud-platform"]
[debug] [2021-02-17T04:58:38.841Z] > authorizing via signed-in user
[info] 
     ######## #### ########  ######## ########     ###     ######  ########
     ##        ##  ##     ## ##       ##     ##  ##   ##  ##       ##
     ######    ##  ########  ######   ########  #########  ######  ######
     ##        ##  ##    ##  ##       ##     ## ##     ##       ## ##
     ##       #### ##     ## ######## ########  ##     ##  ######  ########

You're about to initialize a Firebase project in this directory:

  C:\Users\pcx47\Desktop\코딩 공부\vanilla JS

[debug] [2021-02-17T04:58:39.337Z] <<< [apiv2][status] GET https://firebase-public.firebaseio.com/cli.json 200
[debug] [2021-02-17T04:58:39.337Z] <<< [apiv2][body] GET https://firebase-public.firebaseio.com/cli.json {"cloudBuildErrorAfter":1594252800000,"cloudBuildWarnAfter":1590019200000,"defaultNode10After":1594252800000,"minVersion":"3.0.5","node8DeploysDisabledAfter":1613390400000,"node8RuntimeDisabledAfter":1615809600000,"node8WarnAfter":1600128000000}
[info] 
=== Project Setup
[info] 
[info] First, let's associate this project directory with a Firebase project.
[info] You can create multiple project aliases by running firebase use --add, 
[info] but for now we'll just set up a default project.
[info] 
[debug] [2021-02-17T04:59:00.247Z] > refreshing access token with scopes: []
[debug] [2021-02-17T04:59:00.248Z] >>> HTTP REQUEST POST https://www.googleapis.com/oauth2/v3/token  
 <request body omitted>
[debug] [2021-02-17T04:59:00.476Z] <<< HTTP RESPONSE 200 {"pragma":"no-cache","date":"Wed, 17 Feb 2021 04:59:00 GMT","cache-control":"no-cache, no-store, max-age=0, must-revalidate","expires":"Mon, 01 Jan 1990 00:00:00 GMT","content-type":"application/json; charset=utf-8","vary":"X-Origin, Referer, Origin,Accept-Encoding","server":"scaffolding on HTTPServer2","x-xss-protection":"0","x-frame-options":"SAMEORIGIN","x-content-type-options":"nosniff","alt-svc":"h3-29=\":443\"; ma=2592000,h3-T051=\":443\"; ma=2592000,h3-Q050=\":443\"; ma=2592000,h3-Q046=\":443\"; ma=2592000,h3-Q043=\":443\"; ma=2592000,quic=\":443\"; ma=2592000; v=\"46,43\"","accept-ranges":"none","transfer-encoding":"chunked"}
[debug] [2021-02-17T04:59:00.482Z] >>> [apiv2][query] GET https://firebase.googleapis.com/v1beta1/projects pageSize=100
[debug] [2021-02-17T04:59:01.395Z] <<< [apiv2][status] GET https://firebase.googleapis.com/v1beta1/projects 200
[debug] [2021-02-17T04:59:01.395Z] <<< [apiv2][body] GET https://firebase.googleapis.com/v1beta1/projects [omitted]
[info] i  Don't want to scroll through all your projects? If you know your project ID, you can initialize it directly using firebase init --project <project_id>.
 
[info] i  Using project my-awesome-todo-f0b72 (my-awesome-todo) 
[info] 
=== Hosting Setup
[info] 
[info] Your public directory is the folder (relative to your project directory) that
[info] will contain Hosting assets to be uploaded with firebase deploy. If you
[info] have a build process for your assets, use your build's output directory.
[info] 
[debug] [2021-02-17T04:59:28.694Z] >>> [apiv2][query] GET https://www.gstatic.com/firebasejs/releases.json [none]
[debug] [2021-02-17T04:59:28.866Z] <<< [apiv2][status] GET https://www.gstatic.com/firebasejs/releases.json 200
[debug] [2021-02-17T04:59:28.866Z] <<< [apiv2][body] GET https://www.gstatic.com/firebasejs/releases.json {"current":{"version":"8.2.7","browserURL":"https://www.gstatic.com/firebasejs/8.2.7/firebase.js","packageURL":"https://www.gstatic.com/firebasejs/8.2.7/firebase.tgz"},"live":{"version":"8.2","browserURL":"https://www.gstatic.com/firebasejs/live/8.2/firebase.js","packageURL":"https://www.gstatic.com/firebasejs/live/8.2/firebase.tgz"},"components":{"analytics":"https://www.gstatic.com/firebasejs/8.2.7/firebase-analytics.js","app":"https://www.gstatic.com/firebasejs/8.2.7/firebase-app.js","auth":"https://www.gstatic.com/firebasejs/8.2.7/firebase-auth.js","database":"https://www.gstatic.com/firebasejs/8.2.7/firebase-database.js","firestore":"https://www.gstatic.com/firebasejs/8.2.7/firebase-firestore.js","functions":"https://www.gstatic.com/firebasejs/8.2.7/firebase-functions.js","installations":"https://www.gstatic.com/firebasejs/8.2.7/firebase-installations.js","messaging":"https://www.gstatic.com/firebasejs/8.2.7/firebase-messaging.js","storage":"https://www.gstatic.com/firebasejs/8.2.7/firebase-storage.js","performance":"https://www.gstatic.com/firebasejs/8.2.7/firebase-performance.js","remote-config":"https://www.gstatic.com/firebasejs/8.2.7/firebase-remote-config.js","firestore.memory":"https://www.gstatic.com/firebasejs/8.2.7/firebase-firestore.memory.js"}}
[info] +  Wrote public/index.html 
[info] 
[info] i  Didn't detect a .git folder. Assuming C:\Users\pcx47\Desktop\코딩 공부\vanilla JS is the project root. 
[info] i  Authorizing with GitHub to upload your service account to a GitHub repository's secrets store. 
[info] 
[info] Visit this URL on this device to log in:
[info] https://github.com/login/oauth/authorize?client_id=89cf50f02ac6aaed3484&state=723601791&redirect_uri=http%3A%2F%2Flocalhost%3A9005&scope=read%3Auser%20repo%20public_repo
[info] 
[info] Waiting for authentication...
[debug] [2021-02-17T04:59:29.464Z] >>> HTTP REQUEST POST https://github.com/login/oauth/access_token  
 {"client_id":"89cf50f02ac6aaed3484","client_secret":"3330d14abc895d9a74d5f17cd7a00711fa2c5bf0","code":"a347f5cd9942ed6818d5","redirect_uri":"http://localhost:9005","state":"723601791"}
[debug] [2021-02-17T04:59:29.757Z] <<< HTTP RESPONSE 200 {"server":"GitHub.com","date":"Wed, 17 Feb 2021 04:59:29 GMT","content-type":"application/json; charset=utf-8","link":"<https://github.githubassets.com/assets/chunk-frameworks-aaac5e7e.js>; integrity=sha512-qqxefjEZzhP8x0ed+F3sDEdSogyDs+0ThK6EYXtqye9PJ26t5C996Q9EuRBr+296TAbc1rimsOSeZjZXJac1cA==; rel=preload; crossorigin=anonymous; as=script,<https://github.githubassets.com/assets/chunk-vendor-6594a208.js>; integrity=sha512-ZZSiCHJ85gkTIyggKfuBXsl3a7e+GPhw6iUguJ6eki2dXkGnOFBpQlUUG+gcTSJzgE8ii1cYyM7aLYXZeSeDbA==; rel=preload; crossorigin=anonymous; as=script,<https://github.githubassets.com/assets/behaviors-bf28db4d.js>; integrity=sha512-vyjbTdEGTiemoiT41KyVSh3+NxJv285wa1qlccyGrTsQsAAvhBSUrT0t1LZbJVEfccSTx+zLAyTekiljOX2wKA==; rel=preload; crossorigin=anonymous; as=script,<https://github.githubassets.com/assets/environment-f0adafbf.js>; integrity=sha512-8K2vvwbW+6H27Nad5ydg8PA2/aMD/LKq+EiK9s0U0hhVZxCI2tWBsYk9beAtisRw2j+Or5k2/F+6dk02nmj/PA==; rel=preload; crossorigin=anonymous; as=script","vary":"X-PJAX, Accept-Encoding, Accept, X-Requested-With","etag":"W/\"be6f0da882a6ced98fffd04c9341d3e8\"","cache-control":"max-age=0, private, must-revalidate","strict-transport-security":"max-age=31536000; includeSubdomains; preload","x-frame-options":"deny","x-content-type-options":"nosniff","x-xss-protection":"1; mode=block","referrer-policy":"origin-when-cross-origin, strict-origin-when-cross-origin","expect-ct":"max-age=2592000, report-uri=\"https://api.github.com/_private/browser/errors\"","content-security-policy":"default-src 'none'; base-uri 'self'; block-all-mixed-content; connect-src 'self' uploads.github.com www.githubstatus.com collector.githubapp.com api.github.com github-cloud.s3.amazonaws.com github-production-repository-file-5c1aeb.s3.amazonaws.com github-production-upload-manifest-file-7fdce7.s3.amazonaws.com github-production-user-asset-6210df.s3.amazonaws.com cdn.optimizely.com logx.optimizely.com/v1/events wss://alive.github.com; font-src github.githubassets.com; form-action 'self' github.com gist.github.com; frame-ancestors 'none'; frame-src render.githubusercontent.com; img-src 'self' data: github.githubassets.com identicons.github.com collector.githubapp.com github-cloud.s3.amazonaws.com user-images.githubusercontent.com/ *.githubusercontent.com; manifest-src 'self'; media-src 'none'; script-src github.githubassets.com; style-src 'unsafe-inline' github.githubassets.com; worker-src github.com/socket-worker-5029ae85.js gist.github.com/socket-worker-5029ae85.js","x-github-request-id":"79AC:019D:EF81E:114269:602CA2B1","transfer-encoding":"chunked"}
[debug] [2021-02-17T04:59:29.759Z] >>> [apiv2][query] GET https://api.github.com/user [none]
[debug] [2021-02-17T04:59:30.087Z] <<< [apiv2][status] GET https://api.github.com/user 200
[debug] [2021-02-17T04:59:30.087Z] <<< [apiv2][body] GET https://api.github.com/user {"login":"Dolphin-PC","id":43159931,"node_id":"MDQ6VXNlcjQzMTU5OTMx","avatar_url":"https://avatars.githubusercontent.com/u/43159931?v=4","gravatar_id":"","url":"https://api.github.com/users/Dolphin-PC","html_url":"https://github.com/Dolphin-PC","followers_url":"https://api.github.com/users/Dolphin-PC/followers","following_url":"https://api.github.com/users/Dolphin-PC/following{/other_user}","gists_url":"https://api.github.com/users/Dolphin-PC/gists{/gist_id}","starred_url":"https://api.github.com/users/Dolphin-PC/starred{/owner}{/repo}","subscriptions_url":"https://api.github.com/users/Dolphin-PC/subscriptions","organizations_url":"https://api.github.com/users/Dolphin-PC/orgs","repos_url":"https://api.github.com/users/Dolphin-PC/repos","events_url":"https://api.github.com/users/Dolphin-PC/events{/privacy}","received_events_url":"https://api.github.com/users/Dolphin-PC/received_events","type":"User","site_admin":false,"name":"Chanyoung Park","company":"취업 준비중","blog":"","location":"Republic of Korea, Chuncheon","email":null,"hireable":null,"bio":null,"twitter_username":null,"public_repos":53,"public_gists":0,"followers":7,"following":3,"created_at":"2018-09-11T02:40:39Z","updated_at":"2021-02-12T22:59:49Z","private_gists":5,"total_private_repos":4,"owned_private_repos":4,"disk_usage":311844,"collaborators":0,"two_factor_authentication":false,"plan":{"name":"free","space":976562499,"collaborators":0,"private_repos":10000}}
[info] 
[info] +  Success! Logged into GitHub as Dolphin-PC 
[info] 
